nohup: ignoring input
[dotenv@17.2.1] injecting env (0) from .env -- tip: ⚙️  suppress all logs with { quiet: true }
(node:3041) [MONGODB DRIVER] Warning: useNewUrlParser is a deprecated option: useNewUrlParser has no effect since Node.js Driver version 4.0.0 and will be removed in the next major version
(Use `node --trace-warnings ...` to show where the warning was created)
(node:3041) [MONGODB DRIVER] Warning: useUnifiedTopology is a deprecated option: useUnifiedTopology has no effect since Node.js Driver version 4.0.0 and will be removed in the next major version
(node:3041) [MONGOOSE] Warning: Duplicate schema index on {"email":1} found. This is often due to declaring an index using both "index: true" and "schema.index()". Please remove the duplicate index definition.
(node:3041) [MONGOOSE] Warning: Duplicate schema index on {"slug":1} found. This is often due to declaring an index using both "index: true" and "schema.index()". Please remove the duplicate index definition.
(node:3041) [MONGOOSE] Warning: Duplicate schema index on {"slug":1} found. This is often due to declaring an index using both "index: true" and "schema.index()". Please remove the duplicate index definition.
Server running on port 5000
127.0.0.1 - - [27/Jul/2025:20:30:37 +0000] "GET /api/health HTTP/1.1" 200 54 "-" "curl/7.88.1"
127.0.0.1 - - [27/Jul/2025:20:30:42 +0000] "GET /api/health HTTP/1.1" 200 54 "-" "curl/7.88.1"
MongoDB connection error: MongooseServerSelectionError: connect ECONNREFUSED 127.0.0.1:27017
    at _handleConnectionErrors (/workspace/flower-ecommerce-platform/server/node_modules/mongoose/lib/connection.js:1165:11)
    at NativeConnection.openUri (/workspace/flower-ecommerce-platform/server/node_modules/mongoose/lib/connection.js:1096:11) {
  errorLabelSet: Set(0) {},
  reason: TopologyDescription {
    type: 'Unknown',
    servers: Map(1) { 'localhost:27017' => [ServerDescription] },
    stale: false,
    compatible: true,
    heartbeatFrequencyMS: 10000,
    localThresholdMS: 15,
    setName: null,
    maxElectionId: null,
    maxSetVersion: null,
    commonWireVersion: 0,
    logicalSessionTimeoutMinutes: null
  },
  code: undefined,
  cause: TopologyDescription {
    type: 'Unknown',
    servers: Map(1) { 'localhost:27017' => [ServerDescription] },
    stale: false,
    compatible: true,
    heartbeatFrequencyMS: 10000,
    localThresholdMS: 15,
    setName: null,
    maxElectionId: null,
    maxSetVersion: null,
    commonWireVersion: 0,
    logicalSessionTimeoutMinutes: null
  }
}
127.0.0.1 - - [27/Jul/2025:20:31:15 +0000] "GET /api/health HTTP/1.1" 200 54 "-" "curl/7.88.1"
127.0.0.1 - - [27/Jul/2025:20:31:35 +0000] "GET /api/health HTTP/1.1" 200 54 "-" "curl/7.88.1"
127.0.0.1 - - [27/Jul/2025:20:32:00 +0000] "GET /api/health HTTP/1.1" 200 54 "-" "curl/7.88.1"
127.0.0.1 - - [27/Jul/2025:20:38:59 +0000] "GET /api/health HTTP/1.1" 200 54 "-" "curl/7.88.1"
